W1110 03:01:48.693000 3427230 /mnt/data01/AIGC/miniconda/envs/opensdi/lib/python3.12/site-packages/torch/distributed/run.py:766] 
W1110 03:01:48.693000 3427230 /mnt/data01/AIGC/miniconda/envs/opensdi/lib/python3.12/site-packages/torch/distributed/run.py:766] *****************************************
W1110 03:01:48.693000 3427230 /mnt/data01/AIGC/miniconda/envs/opensdi/lib/python3.12/site-packages/torch/distributed/run.py:766] Setting OMP_NUM_THREADS environment variable for each process to be 1 in default, to avoid your system being overloaded, please further tune the variable for optimal performance in your application as needed. 
W1110 03:01:48.693000 3427230 /mnt/data01/AIGC/miniconda/envs/opensdi/lib/python3.12/site-packages/torch/distributed/run.py:766] *****************************************
/home/aigc_account_1/data01/AIGC/miniconda/envs/opensdi/lib/python3.12/site-packages/timm/models/layers/__init__.py:48: FutureWarning: Importing from timm.models.layers is deprecated, please import via timm.layers
  warnings.warn(f"Importing from {__name__} is deprecated, please import via timm.layers", FutureWarning)
/home/aigc_account_1/data01/AIGC/miniconda/envs/opensdi/lib/python3.12/site-packages/timm/models/layers/__init__.py:48: FutureWarning: Importing from timm.models.layers is deprecated, please import via timm.layers
  warnings.warn(f"Importing from {__name__} is deprecated, please import via timm.layers", FutureWarning)
/home/aigc_account_1/data01/AIGC/miniconda/envs/opensdi/lib/python3.12/site-packages/timm/models/layers/__init__.py:48: FutureWarning: Importing from timm.models.layers is deprecated, please import via timm.layers
  warnings.warn(f"Importing from {__name__} is deprecated, please import via timm.layers", FutureWarning)
/home/aigc_account_1/data01/AIGC/miniconda/envs/opensdi/lib/python3.12/site-packages/timm/models/layers/__init__.py:48: FutureWarning: Importing from timm.models.layers is deprecated, please import via timm.layers
  warnings.warn(f"Importing from {__name__} is deprecated, please import via timm.layers", FutureWarning)
/mnt/data01/AIGC/projects/OpenSDI/model/prompt_learner.py:5: UserWarning: pkg_resources is deprecated as an API. See https://setuptools.pypa.io/en/latest/pkg_resources.html. The pkg_resources package is slated for removal as early as 2025-11-30. Refrain from using this package or pin to Setuptools<81.
  from pkg_resources import packaging
/mnt/data01/AIGC/projects/OpenSDI/model/prompt_learner.py:5: UserWarning: pkg_resources is deprecated as an API. See https://setuptools.pypa.io/en/latest/pkg_resources.html. The pkg_resources package is slated for removal as early as 2025-11-30. Refrain from using this package or pin to Setuptools<81.
  from pkg_resources import packaging
/mnt/data01/AIGC/projects/OpenSDI/model/prompt_learner.py:5: UserWarning: pkg_resources is deprecated as an API. See https://setuptools.pypa.io/en/latest/pkg_resources.html. The pkg_resources package is slated for removal as early as 2025-11-30. Refrain from using this package or pin to Setuptools<81.
  from pkg_resources import packaging
/mnt/data01/AIGC/projects/OpenSDI/model/prompt_learner.py:5: UserWarning: pkg_resources is deprecated as an API. See https://setuptools.pypa.io/en/latest/pkg_resources.html. The pkg_resources package is slated for removal as early as 2025-11-30. Refrain from using this package or pin to Setuptools<81.
  from pkg_resources import packaging
/home/aigc_account_1/data01/AIGC/miniconda/envs/opensdi/lib/python3.12/site-packages/torch/distributed/distributed_c10d.py:4631: UserWarning: No device id is provided via `init_process_group` or `barrier `. Using the current device set by the user. 
  warnings.warn(  # warn only once
[rank0]:[W1110 03:01:54.510492008 ProcessGroupNCCL.cpp:4718] [PG ID 0 PG GUID 0 Rank 0]  using GPU 0 as device used by this process is currently unknown. This can potentially cause a hang if this rank to GPU mapping is incorrect. You can pecify device_id in init_process_group() to force use of a particular device.
/home/aigc_account_1/data01/AIGC/miniconda/envs/opensdi/lib/python3.12/site-packages/torch/distributed/distributed_c10d.py:4631: UserWarning: No device id is provided via `init_process_group` or `barrier `. Using the current device set by the user. 
  warnings.warn(  # warn only once
/home/aigc_account_1/data01/AIGC/miniconda/envs/opensdi/lib/python3.12/site-packages/torch/distributed/distributed_c10d.py:4631: UserWarning: No device id is provided via `init_process_group` or `barrier `. Using the current device set by the user. 
  warnings.warn(  # warn only once
[rank2]:[W1110 03:01:55.979644144 ProcessGroupNCCL.cpp:4718] [PG ID 0 PG GUID 0 Rank 2]  using GPU 2 as device used by this process is currently unknown. This can potentially cause a hang if this rank to GPU mapping is incorrect. You can pecify device_id in init_process_group() to force use of a particular device.
[rank3]:[W1110 03:01:55.979656777 ProcessGroupNCCL.cpp:4718] [PG ID 0 PG GUID 0 Rank 3]  using GPU 3 as device used by this process is currently unknown. This can potentially cause a hang if this rank to GPU mapping is incorrect. You can pecify device_id in init_process_group() to force use of a particular device.
/home/aigc_account_1/data01/AIGC/miniconda/envs/opensdi/lib/python3.12/site-packages/torch/distributed/distributed_c10d.py:4631: UserWarning: No device id is provided via `init_process_group` or `barrier `. Using the current device set by the user. 
  warnings.warn(  # warn only once
[rank1]:[W1110 03:01:55.980291955 ProcessGroupNCCL.cpp:4718] [PG ID 0 PG GUID 0 Rank 1]  using GPU 1 as device used by this process is currently unknown. This can potentially cause a hang if this rank to GPU mapping is incorrect. You can pecify device_id in init_process_group() to force use of a particular device.
/home/aigc_account_1/data01/AIGC/miniconda/envs/opensdi/lib/python3.12/site-packages/albumentations/augmentations/transforms.py:316: FutureWarning: JpegCompression has been deprecated. Please use ImageCompression
  warnings.warn(
/home/aigc_account_1/data01/AIGC/miniconda/envs/opensdi/lib/python3.12/site-packages/albumentations/augmentations/transforms.py:316: FutureWarning: JpegCompression has been deprecated. Please use ImageCompression
  warnings.warn(
/home/aigc_account_1/data01/AIGC/miniconda/envs/opensdi/lib/python3.12/site-packages/albumentations/augmentations/transforms.py:316: FutureWarning: JpegCompression has been deprecated. Please use ImageCompression
  warnings.warn(
/home/aigc_account_1/data01/AIGC/miniconda/envs/opensdi/lib/python3.12/site-packages/albumentations/augmentations/transforms.py:316: FutureWarning: JpegCompression has been deprecated. Please use ImageCompression
  warnings.warn(
/home/aigc_account_1/data01/AIGC/miniconda/envs/opensdi/lib/python3.12/site-packages/albumentations/augmentations/transforms.py:1554: UserWarning: Using default interpolation INTER_NEAREST, which is sub-optimal.Please specify interpolation mode for downscale and upscale explicitly.For additional information see this PR https://github.com/albumentations-team/albumentations/pull/584
  warnings.warn(
/home/aigc_account_1/data01/AIGC/miniconda/envs/opensdi/lib/python3.12/site-packages/albumentations/augmentations/transforms.py:1554: UserWarning: Using default interpolation INTER_NEAREST, which is sub-optimal.Please specify interpolation mode for downscale and upscale explicitly.For additional information see this PR https://github.com/albumentations-team/albumentations/pull/584
  warnings.warn(
/home/aigc_account_1/data01/AIGC/miniconda/envs/opensdi/lib/python3.12/site-packages/albumentations/augmentations/transforms.py:1554: UserWarning: Using default interpolation INTER_NEAREST, which is sub-optimal.Please specify interpolation mode for downscale and upscale explicitly.For additional information see this PR https://github.com/albumentations-team/albumentations/pull/584
  warnings.warn(
/home/aigc_account_1/data01/AIGC/miniconda/envs/opensdi/lib/python3.12/site-packages/albumentations/augmentations/transforms.py:1554: UserWarning: Using default interpolation INTER_NEAREST, which is sub-optimal.Please specify interpolation mode for downscale and upscale explicitly.For additional information see this PR https://github.com/albumentations-team/albumentations/pull/584
  warnings.warn(
[rank0]:[W1110 04:10:27.954095913 ProcessGroupNCCL.cpp:1479] Warning: WARNING: destroy_process_group() was not called before program exit, which can leak resources. For more info, please see https://pytorch.org/docs/stable/distributed.html#shutdown (function operator())
