
========== Robustness Summary ==========


### RotationWrapper ###
  param=0: coverage=0.4933, casia_v1=0.7684, columbia=0.8586, nist2016=0.3569  -> Mean=0.6193
  param=2: coverage=0.3784, casia_v1=0.5506, columbia=0.8040, nist2016=0.2843  -> Mean=0.5043
  param=4: coverage=0.4016, casia_v1=0.5156, columbia=0.7881, nist2016=0.2483  -> Mean=0.4884
  param=6: coverage=0.3657, casia_v1=0.4763, columbia=0.7772, nist2016=0.2257  -> Mean=0.4612
  param=8: coverage=0.3806, casia_v1=0.4655, columbia=0.7825, nist2016=0.1986  -> Mean=0.4568
  param=10: coverage=0.3910, casia_v1=0.4452, columbia=0.7641, nist2016=0.1794  -> Mean=0.4449
  param=12: coverage=0.3564, casia_v1=0.4218, columbia=0.7517, nist2016=0.1912  -> Mean=0.4303

  => Final Robustness Score (exclude param=0): 0.4643

### GaussianNoiseWrapper ###
  param=3: coverage=0.5294, casia_v1=0.7588, columbia=0.8518, nist2016=0.3696  -> Mean=0.6274
  param=7: coverage=0.4991, casia_v1=0.7559, columbia=0.8541, nist2016=0.3686  -> Mean=0.6194
  param=11: coverage=0.4977, casia_v1=0.7532, columbia=0.8457, nist2016=0.3646  -> Mean=0.6153
  param=15: coverage=0.4940, casia_v1=0.7548, columbia=0.8428, nist2016=0.3664  -> Mean=0.6145
  param=19: coverage=0.4743, casia_v1=0.7485, columbia=0.8425, nist2016=0.3632  -> Mean=0.6071
  param=23: coverage=0.4734, casia_v1=0.7473, columbia=0.8442, nist2016=0.3641  -> Mean=0.6072

  => Final Robustness Score (exclude param=0): 0.6152

### JpegCompressionWrapper ###
  param=50: coverage=0.4826, casia_v1=0.6053, columbia=0.8327, nist2016=0.3543  -> Mean=0.5687
  param=60: coverage=0.4930, casia_v1=0.6636, columbia=0.8267, nist2016=0.3505  -> Mean=0.5835
  param=70: coverage=0.4653, casia_v1=0.6959, columbia=0.8250, nist2016=0.3534  -> Mean=0.5849
  param=80: coverage=0.4816, casia_v1=0.6930, columbia=0.8354, nist2016=0.3507  -> Mean=0.5902
  param=90: coverage=0.5160, casia_v1=0.7324, columbia=0.8529, nist2016=0.3527  -> Mean=0.6135
  param=100: coverage=0.4833, casia_v1=0.7412, columbia=0.8536, nist2016=0.3545  -> Mean=0.6081

  => Final Robustness Score (exclude param=0): 0.5915

### ResolutionChangeWrapper ###
  param=0.75: coverage=0.4407, casia_v1=0.6930, columbia=0.8577, nist2016=0.3592  -> Mean=0.5877
  param=0.65: coverage=0.4165, casia_v1=0.6513, columbia=0.8509, nist2016=0.3580  -> Mean=0.5692
  param=0.55: coverage=0.4035, casia_v1=0.6251, columbia=0.8592, nist2016=0.3560  -> Mean=0.5609
  param=0.45: coverage=0.4066, casia_v1=0.5986, columbia=0.8476, nist2016=0.3554  -> Mean=0.5521
  param=0.35: coverage=0.3906, casia_v1=0.5368, columbia=0.8330, nist2016=0.3543  -> Mean=0.5287
  param=0.25: coverage=0.2893, casia_v1=0.4112, columbia=0.8365, nist2016=0.3699  -> Mean=0.4767

  => Final Robustness Score (exclude param=0): 0.5459

### ColorJitterWrapper ###
  param=0.1: coverage=0.4938, casia_v1=0.7708, columbia=0.8545, nist2016=0.3570  -> Mean=0.6190
  param=0.2: coverage=0.4927, casia_v1=0.7678, columbia=0.8551, nist2016=0.3512  -> Mean=0.6167
  param=0.3: coverage=0.4963, casia_v1=0.7634, columbia=0.8467, nist2016=0.3454  -> Mean=0.6129
  param=0.4: coverage=0.4861, casia_v1=0.7516, columbia=0.8526, nist2016=0.3500  -> Mean=0.6101
  param=0.5: coverage=0.4673, casia_v1=0.7453, columbia=0.8509, nist2016=0.3381  -> Mean=0.6004
  param=0.6: coverage=0.4641, casia_v1=0.7257, columbia=0.8497, nist2016=0.3307  -> Mean=0.5926

  => Final Robustness Score (exclude param=0): 0.6086
